<?xml version="1.0" encoding="UTF-8"?>
<robot generator="Robot 6.1.1 (Python 3.10.5 on win32)" generated="20231219 00:16:55.939" rpa="false" schemaversion="4">
<suite id="s1" name="BasicSearch" source="C:\Users\User\Desktop\Robot Framework\Tests\eBay\BasicSearch.robot">
<test id="s1-t1" name="Verify basic Search functionality for eBay" line="11">
<kw name="Precondition">
<kw name="Open Browser" library="SeleniumLibrary">
<arg>https://www.ebay.com</arg>
<arg>chrome</arg>
<doc>Opens a new browser instance to the optional ``url``.</doc>
<msg timestamp="20231219 00:16:56.317" level="INFO">Opening browser 'chrome' to base url 'https://www.ebay.com'.</msg>
<status status="PASS" starttime="20231219 00:16:56.316" endtime="20231219 00:17:10.724"/>
</kw>
<kw name="Maximize Browser Window" library="SeleniumLibrary">
<doc>Maximizes current browser window.</doc>
<status status="PASS" starttime="20231219 00:17:10.724" endtime="20231219 00:17:11.292"/>
</kw>
<status status="PASS" starttime="20231219 00:16:56.316" endtime="20231219 00:17:11.292"/>
</kw>
<kw name="Verify Search Results">
<kw name="Input Text" library="SeleniumLibrary">
<arg>xpath://*[@id="gh-ac"]</arg>
<arg>mobile</arg>
<doc>Types the given ``text`` into the text field identified by ``locator``.</doc>
<msg timestamp="20231219 00:17:11.299" level="INFO">Typing text 'mobile' into text field 'xpath://*[@id="gh-ac"]'.</msg>
<status status="PASS" starttime="20231219 00:17:11.294" endtime="20231219 00:17:15.621"/>
</kw>
<kw name="Press Keys" library="SeleniumLibrary">
<arg>xpath://*[@id="gh-btn"]</arg>
<arg>[Return]</arg>
<doc>Simulates the user pressing key(s) to an element or on the active browser.</doc>
<msg timestamp="20231219 00:17:15.625" level="INFO">Sending key(s) ('[Return]',) to xpath://*[@id="gh-btn"] element.</msg>
<msg timestamp="20231219 00:17:19.706" level="INFO">Sending keys [Return]</msg>
<status status="PASS" starttime="20231219 00:17:15.622" endtime="20231219 00:17:19.986"/>
</kw>
<kw name="Page Should Contain" library="SeleniumLibrary">
<arg>${Return_Value}</arg>
<doc>Verifies that current page contains ``text``.</doc>
<msg timestamp="20231219 00:17:20.029" level="INFO">Current page contains text 'results for mobile'.</msg>
<status status="PASS" starttime="20231219 00:17:19.986" endtime="20231219 00:17:20.029"/>
</kw>
<status status="PASS" starttime="20231219 00:17:11.293" endtime="20231219 00:17:20.029"/>
</kw>
<kw name="Postcondition">
<kw name="Close Browser" library="SeleniumLibrary">
<doc>Closes the current browser.</doc>
<status status="PASS" starttime="20231219 00:17:20.031" endtime="20231219 00:17:22.280"/>
</kw>
<status status="PASS" starttime="20231219 00:17:20.030" endtime="20231219 00:17:22.281"/>
</kw>
<doc>This test case verifies the basic search</doc>
<tag>Functional</tag>
<status status="PASS" starttime="20231219 00:16:56.314" endtime="20231219 00:17:22.283"/>
</test>
<doc>Basic Search Functionality</doc>
<status status="PASS" starttime="20231219 00:16:55.942" endtime="20231219 00:17:22.288"/>
</suite>
<statistics>
<total>
<stat pass="1" fail="0" skip="0">All Tests</stat>
</total>
<tag>
<stat pass="1" fail="0" skip="0">Functional</stat>
</tag>
<suite>
<stat pass="1" fail="0" skip="0" id="s1" name="BasicSearch">BasicSearch</stat>
</suite>
</statistics>
<errors>
</errors>
</robot>
