<?xml version="1.0" encoding="UTF-8"?>
<robot generator="Robot 6.1.1 (Python 3.10.5 on win32)" generated="20231218 16:55:31.648" rpa="false" schemaversion="4">
<suite id="s1" name="GoogleSearch" source="C:\Users\User\Desktop\Robot Framework\Tests\Google\FunctionalTestsSuits\GoogleSearch.robot">
<test id="s1-t1" name="Example Test" line="8">
<kw name="Open Browser" library="SeleniumLibrary">
<arg>http://www.google.com</arg>
<arg>chrome</arg>
<doc>Opens a new browser instance to the optional ``url``.</doc>
<msg timestamp="20231218 16:55:32.132" level="INFO">Opening browser 'chrome' to base url 'http://www.google.com'.</msg>
<status status="PASS" starttime="20231218 16:55:32.131" endtime="20231218 16:55:44.299"/>
</kw>
<kw name="Close Browser" library="SeleniumLibrary">
<doc>Closes the current browser.</doc>
<status status="PASS" starttime="20231218 16:55:44.301" endtime="20231218 16:55:46.508"/>
</kw>
<doc>Google test</doc>
<tag>regression</tag>
<status status="PASS" starttime="20231218 16:55:32.130" endtime="20231218 16:55:46.509"/>
</test>
<status status="PASS" starttime="20231218 16:55:31.651" endtime="20231218 16:55:46.515"/>
</suite>
<statistics>
<total>
<stat pass="1" fail="0" skip="0">All Tests</stat>
</total>
<tag>
<stat pass="1" fail="0" skip="0">regression</stat>
</tag>
<suite>
<stat pass="1" fail="0" skip="0" id="s1" name="GoogleSearch">GoogleSearch</stat>
</suite>
</statistics>
<errors>
</errors>
</robot>
